{
  "RSpec": {
    "coverage": {
      "/Users/justinramirez/turing/3mod/projects/viewing_party_lite/app/helpers/application_helper.rb": {
        "lines": [
          null,
          1,
          null
        ]
      },
      "/Users/justinramirez/turing/3mod/projects/viewing_party_lite/app/helpers/welcome_helper.rb": {
        "lines": [
          1,
          null
        ]
      },
      "/Users/justinramirez/turing/3mod/projects/viewing_party_lite/app/models/user.rb": {
        "lines": [
          1,
          1,
          1,
          null,
          1,
          1,
          null,
          1,
          10,
          null,
          null
        ]
      },
      "/Users/justinramirez/turing/3mod/projects/viewing_party_lite/app/models/application_record.rb": {
        "lines": [
          null,
          null,
          1,
          1,
          null
        ]
      },
      "/Users/justinramirez/turing/3mod/projects/viewing_party_lite/app/models/viewing_party.rb": {
        "lines": [
          1,
          1,
          1,
          1,
          1,
          null,
          1,
          1,
          null,
          1,
          21,
          null,
          null,
          null,
          null,
          null,
          null,
          1,
          6,
          null,
          null,
          1,
          14,
          null,
          null
        ]
      },
      "/Users/justinramirez/turing/3mod/projects/viewing_party_lite/app/models/viewing_party_user.rb": {
        "lines": [
          1,
          1,
          1,
          null,
          1,
          null
        ]
      },
      "/Users/justinramirez/turing/3mod/projects/viewing_party_lite/app/facades/movie_facade.rb": {
        "lines": [
          1,
          1,
          17,
          null,
          null,
          1,
          35,
          null,
          null,
          1,
          5,
          5,
          100,
          null,
          null,
          null,
          1,
          3,
          3,
          47,
          null,
          null,
          null
        ]
      },
      "/Users/justinramirez/turing/3mod/projects/viewing_party_lite/app/poros/movie.rb": {
        "lines": [
          1,
          1,
          null,
          null,
          null,
          null,
          null,
          null,
          null,
          null,
          null,
          null,
          1,
          36,
          36,
          36,
          36,
          36,
          108,
          36,
          1694,
          1694,
          36,
          36,
          null,
          null,
          1,
          5,
          5,
          50,
          null,
          5,
          null,
          null
        ]
      },
      "/Users/justinramirez/turing/3mod/projects/viewing_party_lite/app/services/movie_service.rb": {
        "lines": [
          1,
          1,
          36,
          36,
          null,
          null,
          1,
          6,
          6,
          null,
          null,
          1,
          4,
          4,
          4,
          null,
          null,
          1,
          35,
          35,
          null,
          null,
          1,
          35,
          35,
          null,
          null,
          1,
          116,
          116,
          null,
          null,
          null,
          null,
          null,
          1,
          null,
          1,
          112,
          null,
          null
        ]
      },
      "/Users/justinramirez/turing/3mod/projects/viewing_party_lite/app/poros/movie_result.rb": {
        "lines": [
          1,
          1,
          null,
          1,
          148,
          148,
          148,
          null,
          null
        ]
      },
      "/Users/justinramirez/turing/3mod/projects/viewing_party_lite/app/controllers/movies_controller.rb": {
        "lines": [
          1,
          1,
          7,
          null,
          null,
          1,
          5,
          5,
          null,
          null,
          1,
          6,
          4,
          4,
          null,
          2,
          2,
          null,
          null,
          null
        ]
      },
      "/Users/justinramirez/turing/3mod/projects/viewing_party_lite/app/controllers/application_controller.rb": {
        "lines": [
          null,
          null,
          1,
          1,
          2,
          null,
          null
        ]
      },
      "/Users/justinramirez/turing/3mod/projects/viewing_party_lite/app/controllers/viewing_parties_controller.rb": {
        "lines": [
          1,
          1,
          9,
          9,
          9,
          null,
          null,
          1,
          3,
          3,
          3,
          1,
          1,
          2,
          1,
          1,
          1,
          null,
          1,
          null,
          1,
          1,
          null,
          null,
          null
        ]
      },
      "/Users/justinramirez/turing/3mod/projects/viewing_party_lite/app/controllers/users_controller.rb": {
        "lines": [
          1,
          null,
          1,
          null,
          null,
          1,
          2,
          2,
          1,
          null,
          1,
          1,
          null,
          null,
          null,
          1,
          8,
          8,
          13,
          8,
          null,
          null,
          1,
          1,
          2,
          null,
          null,
          null
        ]
      },
      "/Users/justinramirez/turing/3mod/projects/viewing_party_lite/app/controllers/welcome_controller.rb": {
        "lines": [
          1,
          1,
          4,
          null,
          null
        ]
      }
    },
    "timestamp": 1661529810
  }
}
