{
  "RSpec": {
    "coverage": {
      "/Users/nickjones/Turing/3Module/projects/viewing_party_lite/app/mailers/application_mailer.rb": {
        "lines": [
          0,
          0,
          0,
          0
        ],
        "branches": {
        }
      },
      "/Users/nickjones/Turing/3Module/projects/viewing_party_lite/app/models/view_party.rb": {
        "lines": [
          0,
          0
        ],
        "branches": {
        }
      },
      "/Users/nickjones/Turing/3Module/projects/viewing_party_lite/app/models/application_record.rb": {
        "lines": [
          0,
          0,
          0
        ],
        "branches": {
        }
      },
      "/Users/nickjones/Turing/3Module/projects/viewing_party_lite/app/models/user_view_party.rb": {
        "lines": [
          0,
          0,
          0
        ],
        "branches": {
        }
      },
      "/Users/nickjones/Turing/3Module/projects/viewing_party_lite/app/models/user.rb": {
        "lines": [
          0,
          0
        ],
        "branches": {
        }
      },
      "/Users/nickjones/Turing/3Module/projects/viewing_party_lite/app/jobs/application_job.rb": {
        "lines": [
          0,
          0
        ],
        "branches": {
        }
      },
      "/Users/nickjones/Turing/3Module/projects/viewing_party_lite/app/controllers/application_controller.rb": {
        "lines": [
          0,
          0
        ],
        "branches": {
        }
      },
      "/Users/nickjones/Turing/3Module/projects/viewing_party_lite/app/helpers/application_helper.rb": {
        "lines": [
          0,
          0
        ],
        "branches": {
        }
      },
      "/Users/nickjones/Turing/3Module/projects/viewing_party_lite/app/channels/application_cable/connection.rb": {
        "lines": [
          0,
          0,
          0,
          0
        ],
        "branches": {
        }
      },
      "/Users/nickjones/Turing/3Module/projects/viewing_party_lite/app/channels/application_cable/channel.rb": {
        "lines": [
          0,
          0,
          0,
          0
        ],
        "branches": {
        }
      }
    },
    "timestamp": 1661282428
  }
}
